2024-07-22 17:08:30.213 -04:00 [ERR] An exception occurred while iterating over the results of a query for context type 'IG.API.SUNAT.FE.Persistence.IGAPIFEAppDbContext'.
System.InvalidCastException: Unable to cast object of type 'System.String' to type 'System.Int32'.
   at Microsoft.Data.SqlClient.SqlBuffer.get_Int32()
   at Microsoft.Data.SqlClient.SqlDataReader.GetInt32(Int32 i)
   at lambda_method108(Closure, QueryContext, DbDataReader, ResultContext, SingleQueryResultCoordinator)
   at Microsoft.EntityFrameworkCore.Query.Internal.SingleQueryingEnumerable`1.AsyncEnumerator.MoveNextAsync()
System.InvalidCastException: Unable to cast object of type 'System.String' to type 'System.Int32'.
   at Microsoft.Data.SqlClient.SqlBuffer.get_Int32()
   at Microsoft.Data.SqlClient.SqlDataReader.GetInt32(Int32 i)
   at lambda_method108(Closure, QueryContext, DbDataReader, ResultContext, SingleQueryResultCoordinator)
   at Microsoft.EntityFrameworkCore.Query.Internal.SingleQueryingEnumerable`1.AsyncEnumerator.MoveNextAsync()
2024-07-22 17:08:30.347 -04:00 [ERR] Mensaje de Error: Unable to cast object of type 'System.String' to type 'System.Int32'. Unable to cast object of type 'System.String' to type 'System.Int32'.
System.InvalidCastException: Unable to cast object of type 'System.String' to type 'System.Int32'.
   at Microsoft.Data.SqlClient.SqlBuffer.get_Int32()
   at Microsoft.Data.SqlClient.SqlDataReader.GetInt32(Int32 i)
   at lambda_method108(Closure, QueryContext, DbDataReader, ResultContext, SingleQueryResultCoordinator)
   at Microsoft.EntityFrameworkCore.Query.Internal.SingleQueryingEnumerable`1.AsyncEnumerator.MoveNextAsync()
   at Microsoft.EntityFrameworkCore.EntityFrameworkQueryableExtensions.ToListAsync[TSource](IQueryable`1 source, CancellationToken cancellationToken)
   at Microsoft.EntityFrameworkCore.EntityFrameworkQueryableExtensions.ToListAsync[TSource](IQueryable`1 source, CancellationToken cancellationToken)
   at IG.API.SUNAT.FE.Repository.EmailConfigRepo.ListAsync() in D:\Proyectos\NET\C#\IG.API\IG.API.SUNAT.FE.Repository\EmailConfigRepo.cs:line 15
   at IG.API.SUNAT.FE.Services.EmailConfigService.ListAsync() in D:\Proyectos\NET\C#\IG.API\IG.API.SUNAT.FE.Services\EmailConfigService.cs:line 91
2024-07-22 17:41:55.195 -04:00 [WRN] Unhandled exception rendering component: Cannot provide a value for property '_service' on type 'IG.API.SUNAT.Web.Pages.PlantillaHtml.PlantillaHtmlLista'. There is no registered service of type 'IG.API.SUNAT.FE.Services.ItdHTMLService'.
System.InvalidOperationException: Cannot provide a value for property '_service' on type 'IG.API.SUNAT.Web.Pages.PlantillaHtml.PlantillaHtmlLista'. There is no registered service of type 'IG.API.SUNAT.FE.Services.ItdHTMLService'.
   at Microsoft.AspNetCore.Components.ComponentFactory.<>c__DisplayClass7_0.<CreateInitializer>g__Initialize|1(IServiceProvider serviceProvider, IComponent component)
   at Microsoft.AspNetCore.Components.ComponentFactory.PerformPropertyInjection(IServiceProvider serviceProvider, IComponent instance)
   at Microsoft.AspNetCore.Components.ComponentFactory.InstantiateComponent(IServiceProvider serviceProvider, Type componentType)
   at Microsoft.AspNetCore.Components.RenderTree.Renderer.InstantiateChildComponentOnFrame(RenderTreeFrame& frame, Int32 parentComponentId)
   at Microsoft.AspNetCore.Components.RenderTree.RenderTreeDiffBuilder.InitializeNewComponentFrame(DiffContext& diffContext, Int32 frameIndex)
   at Microsoft.AspNetCore.Components.RenderTree.RenderTreeDiffBuilder.InitializeNewSubtree(DiffContext& diffContext, Int32 frameIndex)
   at Microsoft.AspNetCore.Components.RenderTree.RenderTreeDiffBuilder.InsertNewFrame(DiffContext& diffContext, Int32 newFrameIndex)
   at Microsoft.AspNetCore.Components.RenderTree.RenderTreeDiffBuilder.AppendDiffEntriesForFramesWithSameSequence(DiffContext& diffContext, Int32 oldFrameIndex, Int32 newFrameIndex)
   at Microsoft.AspNetCore.Components.RenderTree.RenderTreeDiffBuilder.AppendDiffEntriesForRange(DiffContext& diffContext, Int32 oldStartIndex, Int32 oldEndIndexExcl, Int32 newStartIndex, Int32 newEndIndexExcl)
   at Microsoft.AspNetCore.Components.RenderTree.RenderTreeDiffBuilder.AppendDiffEntriesForFramesWithSameSequence(DiffContext& diffContext, Int32 oldFrameIndex, Int32 newFrameIndex)
   at Microsoft.AspNetCore.Components.RenderTree.RenderTreeDiffBuilder.AppendDiffEntriesForRange(DiffContext& diffContext, Int32 oldStartIndex, Int32 oldEndIndexExcl, Int32 newStartIndex, Int32 newEndIndexExcl)
   at Microsoft.AspNetCore.Components.RenderTree.RenderTreeDiffBuilder.AppendDiffEntriesForFramesWithSameSequence(DiffContext& diffContext, Int32 oldFrameIndex, Int32 newFrameIndex)
   at Microsoft.AspNetCore.Components.RenderTree.RenderTreeDiffBuilder.AppendDiffEntriesForRange(DiffContext& diffContext, Int32 oldStartIndex, Int32 oldEndIndexExcl, Int32 newStartIndex, Int32 newEndIndexExcl)
   at Microsoft.AspNetCore.Components.RenderTree.RenderTreeDiffBuilder.AppendDiffEntriesForFramesWithSameSequence(DiffContext& diffContext, Int32 oldFrameIndex, Int32 newFrameIndex)
   at Microsoft.AspNetCore.Components.RenderTree.RenderTreeDiffBuilder.AppendDiffEntriesForRange(DiffContext& diffContext, Int32 oldStartIndex, Int32 oldEndIndexExcl, Int32 newStartIndex, Int32 newEndIndexExcl)
   at Microsoft.AspNetCore.Components.RenderTree.RenderTreeDiffBuilder.AppendDiffEntriesForFramesWithSameSequence(DiffContext& diffContext, Int32 oldFrameIndex, Int32 newFrameIndex)
   at Microsoft.AspNetCore.Components.RenderTree.RenderTreeDiffBuilder.AppendDiffEntriesForRange(DiffContext& diffContext, Int32 oldStartIndex, Int32 oldEndIndexExcl, Int32 newStartIndex, Int32 newEndIndexExcl)
   at Microsoft.AspNetCore.Components.RenderTree.RenderTreeDiffBuilder.ComputeDiff(Renderer renderer, RenderBatchBuilder batchBuilder, Int32 componentId, ArrayRange`1 oldTree, ArrayRange`1 newTree)
   at Microsoft.AspNetCore.Components.Rendering.ComponentState.RenderIntoBatch(RenderBatchBuilder batchBuilder, RenderFragment renderFragment, Exception& renderFragmentException)
   at Microsoft.AspNetCore.Components.RenderTree.Renderer.ProcessRenderQueue()
