2024-07-25 14:04:55.923 -04:00 [ERR] An exception occurred while iterating over the results of a query for context type 'IG.API.SUNAT.FE.Persistence.IGAPIFEAppDbContext'.
System.InvalidOperationException: A second operation was started on this context instance before a previous operation completed. This is usually caused by different threads concurrently using the same instance of DbContext. For more information on how to avoid threading issues with DbContext, see https://go.microsoft.com/fwlink/?linkid=2097913.
   at Microsoft.EntityFrameworkCore.Infrastructure.Internal.ConcurrencyDetector.EnterCriticalSection()
   at Microsoft.EntityFrameworkCore.Query.Internal.SingleQueryingEnumerable`1.AsyncEnumerator.MoveNextAsync()
System.InvalidOperationException: A second operation was started on this context instance before a previous operation completed. This is usually caused by different threads concurrently using the same instance of DbContext. For more information on how to avoid threading issues with DbContext, see https://go.microsoft.com/fwlink/?linkid=2097913.
   at Microsoft.EntityFrameworkCore.Infrastructure.Internal.ConcurrencyDetector.EnterCriticalSection()
   at Microsoft.EntityFrameworkCore.Query.Internal.SingleQueryingEnumerable`1.AsyncEnumerator.MoveNextAsync()
2024-07-25 14:04:56.070 -04:00 [ERR] Comuniquese con su Administrador A second operation was started on this context instance before a previous operation completed. This is usually caused by different threads concurrently using the same instance of DbContext. For more information on how to avoid threading issues with DbContext, see https://go.microsoft.com/fwlink/?linkid=2097913.
System.InvalidOperationException: A second operation was started on this context instance before a previous operation completed. This is usually caused by different threads concurrently using the same instance of DbContext. For more information on how to avoid threading issues with DbContext, see https://go.microsoft.com/fwlink/?linkid=2097913.
   at Microsoft.EntityFrameworkCore.Infrastructure.Internal.ConcurrencyDetector.EnterCriticalSection()
   at Microsoft.EntityFrameworkCore.Query.Internal.SingleQueryingEnumerable`1.AsyncEnumerator.MoveNextAsync()
   at Microsoft.EntityFrameworkCore.Query.ShapedQueryCompilingExpressionVisitor.SingleOrDefaultAsync[TSource](IAsyncEnumerable`1 asyncEnumerable, CancellationToken cancellationToken)
   at Microsoft.EntityFrameworkCore.Query.ShapedQueryCompilingExpressionVisitor.SingleOrDefaultAsync[TSource](IAsyncEnumerable`1 asyncEnumerable, CancellationToken cancellationToken)
   at IG.API.SUNAT.FE.Repository.SistemaUsuarioRepo.GetUsuario(String CodUsuario) in D:\Proyectos\NET\C#\IG.API\IG.API.SUNAT.FE.Repository\SistemaUsuarioRepo.cs:line 19
   at IG.API.SUNAT.FE.Services.SistemaUsuarioService.GetUsuario(String CodUsuario) in D:\Proyectos\NET\C#\IG.API\IG.API.SUNAT.FE.Services\SistemaUsuarioService.cs:line 91
2024-07-25 16:11:30.072 -04:00 [WRN] Unhandled exception rendering component: There was an error reflecting type 'API.API.SUNAT.Xml.Invoice'.
System.InvalidOperationException: There was an error reflecting type 'API.API.SUNAT.Xml.Invoice'.
 ---> System.InvalidOperationException: There was an error reflecting property 'AccountingSupplierParty'.
 ---> System.InvalidOperationException: There was an error reflecting type 'API.API.SUNAT.Xml.AccountingSupplierParty'.
 ---> System.InvalidOperationException: There was an error reflecting property 'Party'.
 ---> System.InvalidOperationException: There was an error reflecting type 'API.API.SUNAT.Xml.Party'.
 ---> System.InvalidOperationException: There was an error reflecting property 'PartyIdentification'.
 ---> System.InvalidOperationException: There was an error reflecting type 'API.API.SUNAT.Xml.PartyIdentification'.
 ---> System.InvalidOperationException: There was an error reflecting property 'ID'.
 ---> System.InvalidOperationException: The top XML element 'ID' from namespace 'urn:oasis:names:specification:ubl:schema:xsd:CommonBasicComponents-2' references distinct types System.String and API.API.SUNAT.Xml.Base.BaseAtributoComun. Use XML attributes to specify another XML name or namespace for the element or types.
   at System.Xml.Serialization.XmlReflectionImporter.ReconcileAccessor(Accessor accessor, NameTable accessors)
   at System.Xml.Serialization.XmlReflectionImporter.ReconcileLocalAccessor(ElementAccessor accessor, String ns)
   at System.Xml.Serialization.XmlReflectionImporter.ImportAccessorMapping(MemberMapping accessor, FieldModel model, XmlAttributes a, String ns, Type choiceIdentifierType, Boolean rpc, Boolean openModel, RecursionLimiter limiter)
   at System.Xml.Serialization.XmlReflectionImporter.ImportFieldMapping(StructModel parent, FieldModel model, XmlAttributes a, String ns, RecursionLimiter limiter)
   at System.Xml.Serialization.XmlReflectionImporter.InitializeStructMembers(StructMapping mapping, StructModel model, Boolean openModel, String typeName, RecursionLimiter limiter)
   --- End of inner exception stack trace ---
   at System.Xml.Serialization.XmlReflectionImporter.InitializeStructMembers(StructMapping mapping, StructModel model, Boolean openModel, String typeName, RecursionLimiter limiter)
   at System.Xml.Serialization.XmlReflectionImporter.ImportStructLikeMapping(StructModel model, String ns, Boolean openModel, XmlAttributes a, RecursionLimiter limiter)
   at System.Xml.Serialization.XmlReflectionImporter.ImportTypeMapping(TypeModel model, String ns, ImportContext context, String dataType, XmlAttributes a, Boolean repeats, Boolean openModel, RecursionLimiter limiter)
   --- End of inner exception stack trace ---
   at System.Xml.Serialization.XmlReflectionImporter.ImportTypeMapping(TypeModel model, String ns, ImportContext context, String dataType, XmlAttributes a, Boolean repeats, Boolean openModel, RecursionLimiter limiter)
   at System.Xml.Serialization.XmlReflectionImporter.ImportAccessorMapping(MemberMapping accessor, FieldModel model, XmlAttributes a, String ns, Type choiceIdentifierType, Boolean rpc, Boolean openModel, RecursionLimiter limiter)
   at System.Xml.Serialization.XmlReflectionImporter.ImportFieldMapping(StructModel parent, FieldModel model, XmlAttributes a, String ns, RecursionLimiter limiter)
   at System.Xml.Serialization.XmlReflectionImporter.InitializeStructMembers(StructMapping mapping, StructModel model, Boolean openModel, String typeName, RecursionLimiter limiter)
   --- End of inner exception stack trace ---
   at System.Xml.Serialization.XmlReflectionImporter.InitializeStructMembers(StructMapping mapping, StructModel model, Boolean openModel, String typeName, RecursionLimiter limiter)
   at System.Xml.Serialization.XmlReflectionImporter.ImportStructLikeMapping(StructModel model, String ns, Boolean openModel, XmlAttributes a, RecursionLimiter limiter)
   at System.Xml.Serialization.XmlReflectionImporter.ImportTypeMapping(TypeModel model, String ns, ImportContext context, String dataType, XmlAttributes a, Boolean repeats, Boolean openModel, RecursionLimiter limiter)
   --- End of inner exception stack trace ---
   at System.Xml.Serialization.XmlReflectionImporter.ImportTypeMapping(TypeModel model, String ns, ImportContext context, String dataType, XmlAttributes a, Boolean repeats, Boolean openModel, RecursionLimiter limiter)
   at System.Xml.Serialization.XmlReflectionImporter.ImportAccessorMapping(MemberMapping accessor, FieldModel model, XmlAttributes a, String ns, Type choiceIdentifierType, Boolean rpc, Boolean openModel, RecursionLimiter limiter)
   at System.Xml.Serialization.XmlReflectionImporter.ImportFieldMapping(StructModel parent, FieldModel model, XmlAttributes a, String ns, RecursionLimiter limiter)
   at System.Xml.Serialization.XmlReflectionImporter.InitializeStructMembers(StructMapping mapping, StructModel model, Boolean openModel, String typeName, RecursionLimiter limiter)
   --- End of inner exception stack trace ---
   at System.Xml.Serialization.XmlReflectionImporter.InitializeStructMembers(StructMapping mapping, StructModel model, Boolean openModel, String typeName, RecursionLimiter limiter)
   at System.Xml.Serialization.XmlReflectionImporter.ImportStructLikeMapping(StructModel model, String ns, Boolean openModel, XmlAttributes a, RecursionLimiter limiter)
   at System.Xml.Serialization.XmlReflectionImporter.ImportTypeMapping(TypeModel model, String ns, ImportContext context, String dataType, XmlAttributes a, Boolean repeats, Boolean openModel, RecursionLimiter limiter)
   --- End of inner exception stack trace ---
   at System.Xml.Serialization.XmlReflectionImporter.ImportTypeMapping(TypeModel model, String ns, ImportContext context, String dataType, XmlAttributes a, Boolean repeats, Boolean openModel, RecursionLimiter limiter)
   at System.Xml.Serialization.XmlReflectionImporter.ImportAccessorMapping(MemberMapping accessor, FieldModel model, XmlAttributes a, String ns, Type choiceIdentifierType, Boolean rpc, Boolean openModel, RecursionLimiter limiter)
   at System.Xml.Serialization.XmlReflectionImporter.ImportFieldMapping(StructModel parent, FieldModel model, XmlAttributes a, String ns, RecursionLimiter limiter)
   at System.Xml.Serialization.XmlReflectionImporter.InitializeStructMembers(StructMapping mapping, StructModel model, Boolean openModel, String typeName, RecursionLimiter limiter)
   --- End of inner exception stack trace ---
   at System.Xml.Serialization.XmlReflectionImporter.InitializeStructMembers(StructMapping mapping, StructModel model, Boolean openModel, String typeName, RecursionLimiter limiter)
   at System.Xml.Serialization.XmlReflectionImporter.ImportStructLikeMapping(StructModel model, String ns, Boolean openModel, XmlAttributes a, RecursionLimiter limiter)
   at System.Xml.Serialization.XmlReflectionImporter.ImportTypeMapping(TypeModel model, String ns, ImportContext context, String dataType, XmlAttributes a, Boolean repeats, Boolean openModel, RecursionLimiter limiter)
   --- End of inner exception stack trace ---
   at System.Xml.Serialization.XmlReflectionImporter.ImportTypeMapping(TypeModel model, String ns, ImportContext context, String dataType, XmlAttributes a, Boolean repeats, Boolean openModel, RecursionLimiter limiter)
   at System.Xml.Serialization.XmlReflectionImporter.ImportElement(TypeModel model, XmlRootAttribute root, String defaultNamespace, RecursionLimiter limiter)
   at System.Xml.Serialization.XmlReflectionImporter.ImportTypeMapping(Type type, XmlRootAttribute root, String defaultNamespace)
   at System.Xml.Serialization.XmlSerializer..ctor(Type type, String defaultNamespace)
   at IG.API.SUNAT.Web.Pages.Comprobante.ComprobanteLista.LeerXMl(SUNAT_FE_Comprobante Comprobante) in D:\Proyectos\NET\C#\IG.API\IG.API.SUNAT.Web\Pages\Comprobante\ComprobanteLista.razor:line 309
   at IG.API.SUNAT.Web.Pages.Comprobante.ComprobanteLista.<>c__DisplayClass0_0.<BuildRenderTree>b__6() in D:\Proyectos\NET\C#\IG.API\IG.API.SUNAT.Web\Pages\Comprobante\ComprobanteLista.razor:line 163
   at Microsoft.AspNetCore.Components.EventCallbackWorkItem.InvokeAsync[T](MulticastDelegate delegate, T arg)
   at Microsoft.AspNetCore.Components.ComponentBase.Microsoft.AspNetCore.Components.IHandleEvent.HandleEventAsync(EventCallbackWorkItem callback, Object arg)
   at Microsoft.AspNetCore.Components.RenderTree.Renderer.DispatchEventAsync(UInt64 eventHandlerId, EventFieldInfo fieldInfo, EventArgs eventArgs)
